Feb 27 17:47:48 rokkenjima kernel: tpm_crb MSFT0101:00: [Firmware Bug]: ACPI region does not cover the entire command/response buffer. [mem 0x9d58c000-0x9d58cfff flags 0x200] vs 9d58c000 4000
Feb 27 17:47:48 rokkenjima kernel: tpm_crb MSFT0101:00: can't request region for resource [mem 0x9d58c000-0x9d58cfff]
Feb 27 19:19:02 rokkenjima sudo[31228]: pam_unix(sudo:auth): conversation failed
Feb 27 19:19:02 rokkenjima sudo[31228]: pam_unix(sudo:auth): auth could not identify password for [beato]
Feb 27 19:38:00 rokkenjima kernel: iwlwifi 0000:01:00.0: Error sending STATISTICS_CMD: time out after 2000ms.
Feb 27 19:38:00 rokkenjima kernel: iwlwifi 0000:01:00.0: Current CMD queue read_ptr 6 write_ptr 7
Feb 27 19:38:00 rokkenjima kernel: iwlwifi 0000:01:00.0: Start IWL Error Log Dump:
Feb 27 19:38:00 rokkenjima kernel: iwlwifi 0000:01:00.0: Transport status: 0x0000004A, valid: 6
Feb 27 19:38:00 rokkenjima kernel: iwlwifi 0000:01:00.0: Loaded firmware version: 36.ca7b901d.0 8265-36.ucode
Feb 27 19:38:00 rokkenjima kernel: iwlwifi 0000:01:00.0: 0x00000084 | NMI_INTERRUPT_UNKNOWN       
Feb 27 19:38:00 rokkenjima kernel: iwlwifi 0000:01:00.0: 0x00000230 | trm_hw_status0
Feb 27 19:38:00 rokkenjima kernel: iwlwifi 0000:01:00.0: 0x00000000 | trm_hw_status1
Feb 27 19:38:00 rokkenjima kernel: iwlwifi 0000:01:00.0: 0x00024A8C | branchlink2
Feb 27 19:38:00 rokkenjima kernel: iwlwifi 0000:01:00.0: 0x0003AC1E | interruptlink1
Feb 27 19:38:00 rokkenjima kernel: iwlwifi 0000:01:00.0: 0x0003AC1E | interruptlink2
Feb 27 19:38:00 rokkenjima kernel: iwlwifi 0000:01:00.0: 0x00000000 | data1
Feb 27 19:38:00 rokkenjima kernel: iwlwifi 0000:01:00.0: 0x00000080 | data2
Feb 27 19:38:00 rokkenjima kernel: iwlwifi 0000:01:00.0: 0x07A30000 | data3
Feb 27 19:38:00 rokkenjima kernel: iwlwifi 0000:01:00.0: 0xF6C01D79 | beacon time
Feb 27 19:38:00 rokkenjima kernel: iwlwifi 0000:01:00.0: 0x5AAAE291 | tsf low
Feb 27 19:38:00 rokkenjima kernel: iwlwifi 0000:01:00.0: 0x000000E0 | tsf hi
Feb 27 19:38:00 rokkenjima kernel: iwlwifi 0000:01:00.0: 0x00000000 | time gp1
Feb 27 19:38:00 rokkenjima kernel: iwlwifi 0000:01:00.0: 0x89C1B593 | time gp2
Feb 27 19:38:00 rokkenjima kernel: iwlwifi 0000:01:00.0: 0x00000001 | uCode revision type
Feb 27 19:38:00 rokkenjima kernel: iwlwifi 0000:01:00.0: 0x00000024 | uCode version major
Feb 27 19:38:00 rokkenjima kernel: iwlwifi 0000:01:00.0: 0xCA7B901D | uCode version minor
Feb 27 19:38:00 rokkenjima kernel: iwlwifi 0000:01:00.0: 0x00000230 | hw version
Feb 27 19:38:00 rokkenjima kernel: iwlwifi 0000:01:00.0: 0x00489000 | board version
Feb 27 19:38:00 rokkenjima kernel: iwlwifi 0000:01:00.0: 0x0006019C | hcmd
Feb 27 19:38:00 rokkenjima kernel: iwlwifi 0000:01:00.0: 0x24022000 | isr0
Feb 27 19:38:00 rokkenjima kernel: iwlwifi 0000:01:00.0: 0x00800000 | isr1
Feb 27 19:38:00 rokkenjima kernel: iwlwifi 0000:01:00.0: 0x0800180A | isr2
Feb 27 19:38:00 rokkenjima kernel: iwlwifi 0000:01:00.0: 0x00417CC0 | isr3
Feb 27 19:38:00 rokkenjima kernel: iwlwifi 0000:01:00.0: 0x00000000 | isr4
Feb 27 19:38:00 rokkenjima kernel: iwlwifi 0000:01:00.0: 0x0006019C | last cmd Id
Feb 27 19:38:00 rokkenjima kernel: iwlwifi 0000:01:00.0: 0x00000000 | wait_event
Feb 27 19:38:00 rokkenjima kernel: iwlwifi 0000:01:00.0: 0x000000D4 | l2p_control
Feb 27 19:38:00 rokkenjima kernel: iwlwifi 0000:01:00.0: 0x00010030 | l2p_duration
Feb 27 19:38:00 rokkenjima kernel: iwlwifi 0000:01:00.0: 0x00000007 | l2p_mhvalid
Feb 27 19:38:00 rokkenjima kernel: iwlwifi 0000:01:00.0: 0x00000000 | l2p_addr_match
Feb 27 19:38:00 rokkenjima kernel: iwlwifi 0000:01:00.0: 0x0000000D | lmpm_pmg_sel
Feb 27 19:38:00 rokkenjima kernel: iwlwifi 0000:01:00.0: 0x10032209 | timestamp
Feb 27 19:38:00 rokkenjima kernel: iwlwifi 0000:01:00.0: 0x00344058 | flow_handler
Feb 27 19:38:00 rokkenjima kernel: iwlwifi 0000:01:00.0: Start IWL Error Log Dump:
Feb 27 19:38:00 rokkenjima kernel: iwlwifi 0000:01:00.0: Transport status: 0x0000004A, valid: 7
Feb 27 19:38:00 rokkenjima kernel: iwlwifi 0000:01:00.0: 0x00000070 | NMI_INTERRUPT_LMAC_FATAL
Feb 27 19:38:00 rokkenjima kernel: iwlwifi 0000:01:00.0: 0x00000000 | umac branchlink1
Feb 27 19:38:00 rokkenjima kernel: iwlwifi 0000:01:00.0: 0xC008694C | umac branchlink2
Feb 27 19:38:00 rokkenjima kernel: iwlwifi 0000:01:00.0: 0xC0083B0C | umac interruptlink1
Feb 27 19:38:00 rokkenjima kernel: iwlwifi 0000:01:00.0: 0xC0083B0C | umac interruptlink2
Feb 27 19:38:00 rokkenjima kernel: iwlwifi 0000:01:00.0: 0x00000800 | umac data1
Feb 27 19:38:00 rokkenjima kernel: iwlwifi 0000:01:00.0: 0xC0083B0C | umac data2
Feb 27 19:38:00 rokkenjima kernel: iwlwifi 0000:01:00.0: 0xDEADBEEF | umac data3
Feb 27 19:38:00 rokkenjima kernel: iwlwifi 0000:01:00.0: 0x00000024 | umac major
Feb 27 19:38:00 rokkenjima kernel: iwlwifi 0000:01:00.0: 0xCA7B901D | umac minor
Feb 27 19:38:00 rokkenjima kernel: iwlwifi 0000:01:00.0: 0xC088628C | frame pointer
Feb 27 19:38:00 rokkenjima kernel: iwlwifi 0000:01:00.0: 0xC088628C | stack pointer
Feb 27 19:38:00 rokkenjima kernel: iwlwifi 0000:01:00.0: 0x0006019C | last host cmd
Feb 27 19:38:00 rokkenjima kernel: iwlwifi 0000:01:00.0: 0x00000000 | isr status reg
Feb 27 19:38:00 rokkenjima kernel: iwlwifi 0000:01:00.0: IML/ROM dump:
Feb 27 19:38:00 rokkenjima kernel: iwlwifi 0000:01:00.0: 0x00000000 | IML/ROM error/state
Feb 27 19:38:00 rokkenjima kernel: iwlwifi 0000:01:00.0: 0x00000003 | IML/ROM data1
Feb 27 19:38:00 rokkenjima kernel: iwlwifi 0000:01:00.0: Fseq Registers:
Feb 27 19:38:00 rokkenjima kernel: iwlwifi 0000:01:00.0: 0xCD141208 | FSEQ_ERROR_CODE
Feb 27 19:38:00 rokkenjima kernel: iwlwifi 0000:01:00.0: 0xAD834791 | FSEQ_TOP_INIT_VERSION
Feb 27 19:38:00 rokkenjima kernel: iwlwifi 0000:01:00.0: 0x7085AD53 | FSEQ_CNVIO_INIT_VERSION
Feb 27 19:38:00 rokkenjima kernel: iwlwifi 0000:01:00.0: 0x0000A10B | FSEQ_OTP_VERSION
Feb 27 19:38:00 rokkenjima kernel: iwlwifi 0000:01:00.0: 0x54F9675F | FSEQ_TOP_CONTENT_VERSION
Feb 27 19:38:00 rokkenjima kernel: iwlwifi 0000:01:00.0: 0x419FD63F | FSEQ_ALIVE_TOKEN
Feb 27 19:38:00 rokkenjima kernel: iwlwifi 0000:01:00.0: 0xC230DCC7 | FSEQ_CNVI_ID
Feb 27 19:38:00 rokkenjima kernel: iwlwifi 0000:01:00.0: 0xD3C47A05 | FSEQ_CNVR_ID
Feb 27 19:38:00 rokkenjima kernel: iwlwifi 0000:01:00.0: 0x00000010 | CNVI_AUX_MISC_CHIP
Feb 27 19:38:00 rokkenjima kernel: iwlwifi 0000:01:00.0: 0x0BADCAFE | CNVR_AUX_MISC_CHIP
Feb 27 19:38:00 rokkenjima kernel: iwlwifi 0000:01:00.0: 0x0BADCAFE | CNVR_SCU_SD_REGS_SD_REG_DIG_DCDC_VTRIM
Feb 27 19:38:00 rokkenjima kernel: iwlwifi 0000:01:00.0: 0x0BADCAFE | CNVR_SCU_SD_REGS_SD_REG_ACTIVE_VDIG_MIRROR
Feb 27 19:38:00 rokkenjima kernel: iwlwifi 0000:01:00.0: Queue 0 is active on fifo 7 and stuck for 2500 ms. SW [6, 7] HW [7, 7] FH TRB=0x0700006
Feb 27 19:38:05 rokkenjima kernel: [drm:amdgpu_dm_atomic_commit_tail [amdgpu]] *ERROR* Waiting for fences timed out!
Feb 27 19:38:05 rokkenjima kernel: iwlwifi 0000:01:00.0: Failed to load firmware chunk!
Feb 27 19:38:05 rokkenjima kernel: iwlwifi 0000:01:00.0: iwlwifi transaction failed, dumping registers
Feb 27 19:38:05 rokkenjima kernel: iwlwifi 0000:01:00.0: iwlwifi device config registers:
Feb 27 19:38:05 rokkenjima kernel: iwlwifi 0000:01:00.0: 00000000: 24fd8086 00180406 02800078 00000010 fea00004 00000000 00000000 00000000
Feb 27 19:38:05 rokkenjima kernel: iwlwifi 0000:01:00.0: 00000020: 00000000 00000000 00000000 01108086 00000000 000000c8 00000000 000001ff
Feb 27 19:38:05 rokkenjima kernel: iwlwifi 0000:01:00.0: 00000040: 00020010 10008ec0 00190c00 0445e811 10110140 00000000 00000000 00000000
Feb 27 19:38:05 rokkenjima kernel: iwlwifi 0000:01:00.0: 00000060: 00000000 00080812 00000405 00000000 00010001 00000000 00000000 00000000
Feb 27 19:38:05 rokkenjima kernel: iwlwifi 0000:01:00.0: 00000080: 00000000 00000000 00000000 00000000 00000000 00000000 00000000 00000000
Feb 27 19:38:05 rokkenjima kernel: iwlwifi 0000:01:00.0: 000000a0: 00000000 00000000 00000000 00000000 00000000 00000000 00000000 00000000
Feb 27 19:38:05 rokkenjima kernel: iwlwifi 0000:01:00.0: 000000c0: 00000000 00000000 c823d001 0d000000 00814005 fee00000 00000000 00000000
Feb 27 19:38:05 rokkenjima kernel: iwlwifi 0000:01:00.0: 000000e0: 00000000 00000000 00000000 00000000 00000000 00000000 00000000 00000000
Feb 27 19:38:05 rokkenjima kernel: iwlwifi 0000:01:00.0: 00000100: 14010001 00000000 00000000 00462031 00000000 00002000 00000000 00000000
Feb 27 19:38:05 rokkenjima kernel: iwlwifi 0000:01:00.0: 00000120: 00000000 00000000 00000000 00000000 00000000 00000000 00000000 00000000
Feb 27 19:38:05 rokkenjima kernel: iwlwifi 0000:01:00.0: 00000140: 14c10003 ff242fc0 a0a4c5ff 15410018 10011001 0001001e 00481e1f 60010003
Feb 27 19:38:05 rokkenjima kernel: iwlwifi 0000:01:00.0: iwlwifi device memory mapped registers:
Feb 27 19:38:05 rokkenjima kernel: iwlwifi 0000:01:00.0: 00000000: 00489000 00000040 08000000 08000000 00000001 00000000 00000010 00000000
Feb 27 19:38:05 rokkenjima kernel: iwlwifi 0000:01:00.0: 00000020: 00000010 08040005 00000230 d55555d5 d55555d5 d55555d5 80008040 001f0046
Feb 27 19:38:05 rokkenjima kernel: iwlwifi 0000:01:00.0: iwlwifi device AER capability structure:
Feb 27 19:38:05 rokkenjima kernel: iwlwifi 0000:01:00.0: 00000000: 14010001 00000000 00000000 00462031 00000000 00002000 00000000 00000000
Feb 27 19:38:05 rokkenjima kernel: iwlwifi 0000:01:00.0: 00000020: 00000000 00000000 00000000
Feb 27 19:38:05 rokkenjima kernel: iwlwifi 0000:01:00.0: iwlwifi parent port (0000:00:01.2) config registers:
Feb 27 19:38:05 rokkenjima kernel: iwlwifi 0000:00:01.2: 00000000: 15d31022 00100407 06040000 00810010 00000000 00000000 00010100 200001f1
Feb 27 19:38:05 rokkenjima kernel: iwlwifi 0000:00:01.2: 00000020: fea0fea0 0001fff1 00000000 00000000 00000000 00000050 00000000 001200ff
Feb 27 19:38:05 rokkenjima kernel: iwlwifi 0000:00:01.2: 00000040: 00000000 00000000 00000000 00000000 c8035801 00000000 0142a010 00008022
Feb 27 19:38:05 rokkenjima kernel: iwlwifi 0000:00:01.2: 00000060: 0000290f 04737813 70110040 00040000 01400000 00010018 00000000 007009bf
Feb 27 19:38:05 rokkenjima kernel: iwlwifi 0000:00:01.2: 00000080: 00000406 0000000e 00010003 00000000 00000000 00000000 00000000 00000000
Feb 27 19:38:05 rokkenjima kernel: iwlwifi 0000:00:01.2: 000000a0: 0081c005 fee00000 00000000 00000000 00000000 00000000 00000000 00000000
Feb 27 19:38:05 rokkenjima kernel: iwlwifi 0000:00:01.2: 000000c0: 0000c80d 14531022 a8030008 00000000 00000000 00000000 00000000 00000000
Feb 27 19:38:05 rokkenjima kernel: iwlwifi 0000:00:01.2: 000000e0: 00000000 00058a4c 00000000 00000000 00000000 00000000 00000000 00000000
Feb 27 19:38:05 rokkenjima kernel: iwlwifi 0000:00:01.2: 00000100: 1501000b 01010001 00000000 00000000 00000000 00000000 00000000 00000000
Feb 27 19:38:05 rokkenjima kernel: iwlwifi 0000:00:01.2: 00000120: 00000000 00000000 00000000 00000000 00000000 00000000 00000000 00000000
Feb 27 19:38:05 rokkenjima kernel: iwlwifi 0000:00:01.2: 00000140: 00000000 00000000 00000000 00000000 27020001 00000000 04400000 00462030
Feb 27 19:38:05 rokkenjima kernel: iwlwifi 0000:00:01.2: 00000160: 00000000 00006000 00000000 00000000 00000000 00000000 00000000 00000007
Feb 27 19:38:05 rokkenjima kernel: iwlwifi 0000:00:01.2: 00000180: 00000000 00000000 00000000 00000000 00000000 00000000 00000000 00000000
Feb 27 19:38:05 rokkenjima kernel: iwlwifi 0000:00:01.2: 000001a0: 00000000 00000000 00000000 00000000 00000000 00000000 00000000 00000000
Feb 27 19:38:05 rokkenjima kernel: iwlwifi 0000:00:01.2: 000001c0: 00000000 00000000 00000000 00000000 00000000 00000000 00000000 00000000
Feb 27 19:38:05 rokkenjima kernel: iwlwifi 0000:00:01.2: 000001e0: 00000000 00000000 00000000 00000000 00000000 00000000 00000000 00000000
Feb 27 19:38:05 rokkenjima kernel: iwlwifi 0000:00:01.2: 00000200: 00000000 00000000 00000000
Feb 27 19:38:05 rokkenjima kernel: iwlwifi 0000:01:00.0: iwlwifi root port (0000:00:01.2) AER cap structure:
Feb 27 19:38:05 rokkenjima kernel: iwlwifi 0000:00:01.2: 00000000: 27020001 00000000 04400000 00462030 00000000 00006000 00000000 00000000
Feb 27 19:38:05 rokkenjima kernel: iwlwifi 0000:00:01.2: 00000020: 00000000 00000000 00000000 00000007 00000000 00000000
Feb 27 19:38:05 rokkenjima kernel: iwlwifi 0000:01:00.0: Could not load the [0] uCode section
Feb 27 19:38:05 rokkenjima kernel: iwlwifi 0000:01:00.0: Failed to start INIT ucode: -110
Feb 27 19:38:05 rokkenjima kernel: iwlwifi 0000:01:00.0: Failed to run INIT ucode: -110
Feb 27 19:38:05 rokkenjima kernel: iwlwifi 0000:01:00.0: Failed to start RT ucode: -110
Feb 27 19:38:06 rokkenjima kernel: iwlwifi 0000:01:00.0: Start IWL Error Log Dump:
Feb 27 19:38:06 rokkenjima kernel: iwlwifi 0000:01:00.0: Transport status: 0x00000042, valid: 6
Feb 27 19:38:06 rokkenjima kernel: iwlwifi 0000:01:00.0: Loaded firmware version: 36.ca7b901d.0 8265-36.ucode
Feb 27 19:38:06 rokkenjima kernel: iwlwifi 0000:01:00.0: 0x00000084 | NMI_INTERRUPT_UNKNOWN       
Feb 27 19:38:06 rokkenjima kernel: iwlwifi 0000:01:00.0: 0x00000230 | trm_hw_status0
Feb 27 19:38:06 rokkenjima kernel: iwlwifi 0000:01:00.0: 0x00000000 | trm_hw_status1
Feb 27 19:38:06 rokkenjima kernel: iwlwifi 0000:01:00.0: 0x00024A8C | branchlink2
Feb 27 19:38:06 rokkenjima kernel: iwlwifi 0000:01:00.0: 0x0003AC1E | interruptlink1
Feb 27 19:38:06 rokkenjima kernel: iwlwifi 0000:01:00.0: 0x0003AC1E | interruptlink2
Feb 27 19:38:06 rokkenjima kernel: iwlwifi 0000:01:00.0: 0x00000000 | data1
Feb 27 19:38:06 rokkenjima kernel: iwlwifi 0000:01:00.0: 0x00000080 | data2
Feb 27 19:38:06 rokkenjima kernel: iwlwifi 0000:01:00.0: 0x07A30000 | data3
Feb 27 19:38:06 rokkenjima kernel: iwlwifi 0000:01:00.0: 0xF6C01D79 | beacon time
Feb 27 19:38:06 rokkenjima kernel: iwlwifi 0000:01:00.0: 0x5AAAE291 | tsf low
Feb 27 19:38:06 rokkenjima kernel: iwlwifi 0000:01:00.0: 0x000000E0 | tsf hi
Feb 27 19:38:06 rokkenjima kernel: iwlwifi 0000:01:00.0: 0x00000000 | time gp1
Feb 27 19:38:06 rokkenjima kernel: iwlwifi 0000:01:00.0: 0x89C1B593 | time gp2
Feb 27 19:38:06 rokkenjima kernel: iwlwifi 0000:01:00.0: 0x00000001 | uCode revision type
Feb 27 19:38:06 rokkenjima kernel: iwlwifi 0000:01:00.0: 0x00000024 | uCode version major
Feb 27 19:38:06 rokkenjima kernel: iwlwifi 0000:01:00.0: 0xCA7B901D | uCode version minor
Feb 27 19:38:06 rokkenjima kernel: iwlwifi 0000:01:00.0: 0x00000230 | hw version
Feb 27 19:38:06 rokkenjima kernel: iwlwifi 0000:01:00.0: 0x00489000 | board version
Feb 27 19:38:06 rokkenjima kernel: iwlwifi 0000:01:00.0: 0x0006019C | hcmd
Feb 27 19:38:06 rokkenjima kernel: iwlwifi 0000:01:00.0: 0x24022000 | isr0
Feb 27 19:38:06 rokkenjima kernel: iwlwifi 0000:01:00.0: 0x00800000 | isr1
Feb 27 19:38:06 rokkenjima kernel: iwlwifi 0000:01:00.0: 0x0800180A | isr2
Feb 27 19:38:06 rokkenjima kernel: iwlwifi 0000:01:00.0: 0x00417CC0 | isr3
Feb 27 19:38:06 rokkenjima kernel: iwlwifi 0000:01:00.0: 0x00000000 | isr4
Feb 27 19:38:06 rokkenjima kernel: iwlwifi 0000:01:00.0: 0x0006019C | last cmd Id
Feb 27 19:38:06 rokkenjima kernel: iwlwifi 0000:01:00.0: 0x00000000 | wait_event
Feb 27 19:38:06 rokkenjima kernel: iwlwifi 0000:01:00.0: 0x000000D4 | l2p_control
Feb 27 19:38:06 rokkenjima kernel: iwlwifi 0000:01:00.0: 0x00010030 | l2p_duration
Feb 27 19:38:06 rokkenjima kernel: iwlwifi 0000:01:00.0: 0x00000007 | l2p_mhvalid
Feb 27 19:38:06 rokkenjima kernel: iwlwifi 0000:01:00.0: 0x00000000 | l2p_addr_match
Feb 27 19:38:06 rokkenjima kernel: iwlwifi 0000:01:00.0: 0x0000000D | lmpm_pmg_sel
Feb 27 19:38:06 rokkenjima kernel: iwlwifi 0000:01:00.0: 0x10032209 | timestamp
Feb 27 19:38:06 rokkenjima kernel: iwlwifi 0000:01:00.0: 0x00344058 | flow_handler
Feb 27 19:38:06 rokkenjima kernel: iwlwifi 0000:01:00.0: Start IWL Error Log Dump:
Feb 27 19:38:06 rokkenjima kernel: iwlwifi 0000:01:00.0: Transport status: 0x00000042, valid: 7
Feb 27 19:38:06 rokkenjima kernel: iwlwifi 0000:01:00.0: 0x00000070 | NMI_INTERRUPT_LMAC_FATAL
Feb 27 19:38:06 rokkenjima kernel: iwlwifi 0000:01:00.0: 0x00000000 | umac branchlink1
Feb 27 19:38:06 rokkenjima kernel: iwlwifi 0000:01:00.0: 0xC008694C | umac branchlink2
Feb 27 19:38:06 rokkenjima kernel: iwlwifi 0000:01:00.0: 0xC0083B0C | umac interruptlink1
Feb 27 19:38:06 rokkenjima kernel: iwlwifi 0000:01:00.0: 0xC0083B0C | umac interruptlink2
Feb 27 19:38:06 rokkenjima kernel: iwlwifi 0000:01:00.0: 0x00000800 | umac data1
Feb 27 19:38:06 rokkenjima kernel: iwlwifi 0000:01:00.0: 0xC0083B0C | umac data2
Feb 27 19:38:06 rokkenjima kernel: iwlwifi 0000:01:00.0: 0xDEADBEEF | umac data3
Feb 27 19:38:06 rokkenjima kernel: iwlwifi 0000:01:00.0: 0x00000024 | umac major
Feb 27 19:38:06 rokkenjima kernel: iwlwifi 0000:01:00.0: 0xCA7B901D | umac minor
Feb 27 19:38:06 rokkenjima kernel: iwlwifi 0000:01:00.0: 0xC088628C | frame pointer
Feb 27 19:38:06 rokkenjima kernel: iwlwifi 0000:01:00.0: 0xC088628C | stack pointer
Feb 27 19:38:06 rokkenjima kernel: iwlwifi 0000:01:00.0: 0x0006019C | last host cmd
Feb 27 19:38:06 rokkenjima kernel: iwlwifi 0000:01:00.0: 0x00000000 | isr status reg
Feb 27 19:38:06 rokkenjima kernel: iwlwifi 0000:01:00.0: IML/ROM dump:
Feb 27 19:38:06 rokkenjima kernel: iwlwifi 0000:01:00.0: 0x00000000 | IML/ROM error/state
Feb 27 19:38:06 rokkenjima kernel: iwlwifi 0000:01:00.0: 0x00000001 | IML/ROM data1
Feb 27 19:38:06 rokkenjima kernel: iwlwifi 0000:01:00.0: Fseq Registers:
Feb 27 19:38:06 rokkenjima kernel: iwlwifi 0000:01:00.0: 0xCD141208 | FSEQ_ERROR_CODE
Feb 27 19:38:06 rokkenjima kernel: iwlwifi 0000:01:00.0: 0xAD834791 | FSEQ_TOP_INIT_VERSION
Feb 27 19:38:06 rokkenjima kernel: iwlwifi 0000:01:00.0: 0x7085AD53 | FSEQ_CNVIO_INIT_VERSION
Feb 27 19:38:06 rokkenjima kernel: iwlwifi 0000:01:00.0: 0x0000A10B | FSEQ_OTP_VERSION
Feb 27 19:38:06 rokkenjima kernel: iwlwifi 0000:01:00.0: 0x54F9675F | FSEQ_TOP_CONTENT_VERSION
Feb 27 19:38:06 rokkenjima kernel: iwlwifi 0000:01:00.0: 0x419FD63F | FSEQ_ALIVE_TOKEN
Feb 27 19:38:06 rokkenjima kernel: iwlwifi 0000:01:00.0: 0xC230DCC7 | FSEQ_CNVI_ID
Feb 27 19:38:06 rokkenjima kernel: iwlwifi 0000:01:00.0: 0xD3C47A05 | FSEQ_CNVR_ID
Feb 27 19:38:06 rokkenjima kernel: iwlwifi 0000:01:00.0: 0x00000010 | CNVI_AUX_MISC_CHIP
Feb 27 19:38:06 rokkenjima kernel: iwlwifi 0000:01:00.0: 0x0BADCAFE | CNVR_AUX_MISC_CHIP
Feb 27 19:38:06 rokkenjima kernel: iwlwifi 0000:01:00.0: 0x0BADCAFE | CNVR_SCU_SD_REGS_SD_REG_DIG_DCDC_VTRIM
Feb 27 19:38:06 rokkenjima kernel: iwlwifi 0000:01:00.0: 0x0BADCAFE | CNVR_SCU_SD_REGS_SD_REG_ACTIVE_VDIG_MIRROR
Feb 27 19:38:06 rokkenjima kernel: iwlwifi 0000:01:00.0: mac start retry 0
Feb 27 19:38:06 rokkenjima kernel: iwlwifi 0000:01:00.0: Failed to synchronize multicast groups update
Feb 27 19:38:06 rokkenjima kernel: wlp1s0: failed to remove key (0, 38:54:9b:26:54:49) from hardware (-5)
Feb 27 19:38:06 rokkenjima kernel: iwlwifi 0000:01:00.0: iwl_trans_wait_tx_queues_empty bad state = 0
Feb 27 19:38:06 rokkenjima kernel: wlp1s0: failed to remove key (1, ff:ff:ff:ff:ff:ff) from hardware (-5)
